[debug] [2026-06-14T08:39:15.879Z] ----------------------------------------------------------------------
[debug] [2026-06-14T08:39:15.887Z] Command:       C:\Program Files\nodejs\node.exe C:\Users\aksha\AppData\Local\npm-cache\_npx\7750544ccf494d8b\node_modules\firebase-tools\lib\bin\firebase.js deploy --only firestore:rules
[debug] [2026-06-14T08:39:15.888Z] CLI Version:   15.20.0
[debug] [2026-06-14T08:39:15.888Z] Platform:      win32
[debug] [2026-06-14T08:39:15.888Z] Node Version:  v25.9.0
[debug] [2026-06-14T08:39:15.889Z] Time:          Sun Jun 14 2026 14:09:15 GMT+0530 (India Standard Time)
[debug] [2026-06-14T08:39:15.889Z] ----------------------------------------------------------------------
[debug] 
[debug] [2026-06-14T08:39:22.719Z] > command requires scopes: ["email","openid","https://www.googleapis.com/auth/cloudplatformprojects.readonly","https://www.googleapis.com/auth/firebase","https://www.googleapis.com/auth/cloud-platform"]
[debug] [2026-06-14T08:39:22.719Z] > authorizing via signed-in user (fayas.gimelvavteth@gmail.com)
[debug] [2026-06-14T08:39:22.720Z] [iam] checking project broquiz for permissions ["datastore.indexes.create","datastore.indexes.delete","datastore.indexes.list","datastore.indexes.update","firebase.projects.get"]
[debug] [2026-06-14T08:39:22.721Z] Checked if tokens are valid: false, expires at: 1781419468397
[debug] [2026-06-14T08:39:22.722Z] Checked if tokens are valid: false, expires at: 1781419468397
[debug] [2026-06-14T08:39:22.722Z] > refreshing access token with scopes: []
[debug] [2026-06-14T08:39:22.730Z] >>> [apiv2][query] POST https://www.googleapis.com/oauth2/v3/token [none]
[debug] [2026-06-14T08:39:22.730Z] >>> [apiv2][body] POST https://www.googleapis.com/oauth2/v3/token [omitted]
[debug] [2026-06-14T08:39:23.020Z] <<< [apiv2][status] POST https://www.googleapis.com/oauth2/v3/token 200
[debug] [2026-06-14T08:39:23.023Z] <<< [apiv2][body] POST https://www.googleapis.com/oauth2/v3/token [omitted]
[debug] [2026-06-14T08:39:23.047Z] >>> [apiv2][query] POST https://cloudresourcemanager.googleapis.com/v1/projects/broquiz:testIamPermissions [none]
[debug] [2026-06-14T08:39:23.048Z] >>> [apiv2][(partial)header] POST https://cloudresourcemanager.googleapis.com/v1/projects/broquiz:testIamPermissions  x-goog-user-project=broquiz
[debug] [2026-06-14T08:39:23.048Z] >>> [apiv2][body] POST https://cloudresourcemanager.googleapis.com/v1/projects/broquiz:testIamPermissions {"permissions":["datastore.indexes.create","datastore.indexes.delete","datastore.indexes.list","datastore.indexes.update","firebase.projects.get"]}
